<?xml version="1.0" encoding="UTF-8"?>
<!-- Generated by org.testng.reporters.JUnitReportReporter -->
<testsuite hostname="Prathapreddy" failures="0" tests="2" name="practice.Testngpractice2" time="0.015" errors="0" timestamp="2023-07-10T20:59:16 IST" skipped="0">
  <testcase classname="practice.Testngpractice2" name="deleteuser" time="0.013"/>
  <system-out/>
  <testcase classname="practice.Testngpractice2" name="updateuser" time="0.002"/>
  <system-out/>
</testsuite> <!-- practice.Testngpractice2 -->
