<?xml version="1.0" encoding="UTF-8"?>
<!-- Generated by org.testng.reporters.JUnitReportReporter -->
<testsuite hostname="Prathapreddy" failures="0" tests="1" name="practice.Rightclick" time="19.179" errors="0" timestamp="2023-08-10T21:42:42 IST" skipped="0">
  <testcase classname="practice.Rightclick" name="clickonelement" time="19.179"/>
  <system-out/>
</testsuite> <!-- practice.Rightclick -->
