<?xml version="1.0" encoding="UTF-8"?>
<!-- Generated by org.testng.reporters.JUnitReportReporter -->
<testsuite hostname="Prathapreddy" failures="0" tests="2" name="practice.TestNGPractice" time="0.019" errors="0" timestamp="2023-04-10T15:47:28 IST" skipped="0">
  <testcase classname="practice.TestNGPractice" name="sampletestscript" time="0.005"/>
  <system-out/>
  <testcase classname="practice.TestNGPractice" name="sample" time="0.014"/>
  <system-out/>
</testsuite> <!-- practice.TestNGPractice -->
