<?xml version="1.0" encoding="UTF-8"?>
<!-- Generated by org.testng.reporters.JUnitReportReporter -->
<testsuite hostname="Prathapreddy" failures="0" tests="2" name="vTiger.OrganizationTest.Createorganizationtest" time="35.766" errors="0" timestamp="2023-04-02T12:54:33 IST" skipped="0">
  <testcase classname="vTiger.OrganizationTest.Createorganizationtest" name="dempscript" time="5.667"/>
  <system-out>
    <![CDATA[demo script failed]]>
  </system-out>
  <testcase classname="vTiger.OrganizationTest.Createorganizationtest" name="createorganizationTest_001" time="30.099"/>
  <system-out>
    <![CDATA[click on organization link successful
createorgLookupimg successful]]>
  </system-out>
</testsuite> <!-- vTiger.OrganizationTest.Createorganizationtest -->
