<?xml version="1.0" encoding="UTF-8"?>
<!-- Generated by org.testng.reporters.JUnitReportReporter -->
<testsuite hostname="Prathapreddy" failures="0" tests="2" name="vTiger.OrganizationTest.Createorganizationtest" time="47.781" errors="0" timestamp="2023-03-29T13:00:39 IST" skipped="0">
  <testcase classname="vTiger.OrganizationTest.Createorganizationtest" name="dempscript" time="5.006"/>
  <system-out>
    <![CDATA[demo script failed]]>
  </system-out>
  <testcase classname="vTiger.OrganizationTest.Createorganizationtest" name="createorganizationTest_001" time="42.775"/>
  <system-out>
    <![CDATA[click on organization link successful
createorgLookupimg successful]]>
  </system-out>
</testsuite> <!-- vTiger.OrganizationTest.Createorganizationtest -->
